<?xml version="1.0" encoding="UTF-8"?>
<testng-results skipped="0" failed="0" ignored="0" total="2" passed="2">
  <reporter-output>
  </reporter-output>
  <suite name="Default suite" duration-ms="68900" started-at="2019-01-05T06:35:44Z" finished-at="2019-01-05T06:36:52Z">
    <groups>
    </groups>
    <test name="Default test" duration-ms="68900" started-at="2019-01-05T06:35:44Z" finished-at="2019-01-05T06:36:52Z">
      <class name="Primus_LoginTest">
        <test-method status="PASS" signature="setUp()[pri:0, instance:Primus_LoginTest@5b275dab]" name="setUp" is-config="true" duration-ms="31225" started-at="2019-01-05T06:35:44Z" finished-at="2019-01-05T06:36:15Z">
          <reporter-output>
          </reporter-output>
        </test-method> <!-- setUp -->
        <test-method status="PASS" signature="homepageTest()[pri:0, instance:Primus_LoginTest@5b275dab]" name="homepageTest" duration-ms="7426" started-at="2019-01-05T06:36:15Z" finished-at="2019-01-05T06:36:22Z">
          <reporter-output>
          </reporter-output>
        </test-method> <!-- homepageTest -->
        <test-method status="PASS" signature="tearDown()[pri:0, instance:Primus_LoginTest@5b275dab]" name="tearDown" is-config="true" duration-ms="275" started-at="2019-01-05T06:36:22Z" finished-at="2019-01-05T06:36:23Z">
          <reporter-output>
          </reporter-output>
        </test-method> <!-- tearDown -->
        <test-method status="PASS" signature="setUp()[pri:0, instance:Primus_LoginTest@5b275dab]" name="setUp" is-config="true" duration-ms="28305" started-at="2019-01-05T06:36:23Z" finished-at="2019-01-05T06:36:51Z">
          <reporter-output>
          </reporter-output>
        </test-method> <!-- setUp -->
        <test-method status="PASS" signature="loginTest()[pri:0, instance:Primus_LoginTest@5b275dab]" name="loginTest" duration-ms="1441" started-at="2019-01-05T06:36:51Z" finished-at="2019-01-05T06:36:52Z">
          <reporter-output>
          </reporter-output>
        </test-method> <!-- loginTest -->
        <test-method status="PASS" signature="tearDown()[pri:0, instance:Primus_LoginTest@5b275dab]" name="tearDown" is-config="true" duration-ms="185" started-at="2019-01-05T06:36:52Z" finished-at="2019-01-05T06:36:52Z">
          <reporter-output>
          </reporter-output>
        </test-method> <!-- tearDown -->
      </class> <!-- Primus_LoginTest -->
    </test> <!-- Default test -->
  </suite> <!-- Default suite -->
</testng-results>
